{"total": {"lines":{"total":45,"covered":25,"skipped":0,"pct":55.55},"statements":{"total":45,"covered":25,"skipped":0,"pct":55.55},"functions":{"total":14,"covered":8,"skipped":0,"pct":57.14},"branches":{"total":62,"covered":30,"skipped":0,"pct":48.38},"branchesTrue":{"total":0,"covered":0,"skipped":0,"pct":100}}
,"/Users/audreydiez-work/Documents/Projets-OpenClassrooms/react-clean-modal/src/lib/components/ReactCustomModal.jsx": {"lines":{"total":35,"covered":16,"skipped":0,"pct":45.71},"functions":{"total":10,"covered":5,"skipped":0,"pct":50},"statements":{"total":35,"covered":16,"skipped":0,"pct":45.71},"branches":{"total":60,"covered":29,"skipped":0,"pct":48.33}}
,"/Users/audreydiez-work/Documents/Projets-OpenClassrooms/react-clean-modal/src/lib/components/Spinner.jsx": {"lines":{"total":2,"covered":1,"skipped":0,"pct":50},"functions":{"total":1,"covered":0,"skipped":0,"pct":0},"statements":{"total":2,"covered":1,"skipped":0,"pct":50},"branches":{"total":0,"covered":0,"skipped":0,"pct":100}}
,"/Users/audreydiez-work/Documents/Projets-OpenClassrooms/react-clean-modal/src/lib/utils/useModal.jsx": {"lines":{"total":8,"covered":8,"skipped":0,"pct":100},"functions":{"total":3,"covered":3,"skipped":0,"pct":100},"statements":{"total":8,"covered":8,"skipped":0,"pct":100},"branches":{"total":2,"covered":1,"skipped":0,"pct":50}}
}
